<?xml version="1.0" encoding="UTF-8"?>
<testsuite name="com.sevenminuteworkout.ExampleUnitTest" tests="1" skipped="0" failures="0" errors="0" timestamp="2021-05-11T11:09:39" hostname="DESKTOP-QEQEE84" time="0.005">
  <properties/>
  <testcase name="addition_isCorrect" classname="com.sevenminuteworkout.ExampleUnitTest" time="0.005"/>
  <system-out><![CDATA[]]></system-out>
  <system-err><![CDATA[]]></system-err>
</testsuite>
